<?xml version="1.0" encoding="UTF-8"?>
<!-- Generated by org.testng.reporters.JUnitXMLReporter -->
<testsuite hostname="EPBYMINW3159" name="Default test" tests="3" failures="0" timestamp="6 Jul 2018 07:07:52 GMT" time="41.699" errors="0">
  <testcase name="mailRuLoginTest" time="9.521" classname="com.epam.atm.module5.MailRuTest"/>
  <testcase name="mailRuMailCreationTest" time="6.498" classname="com.epam.atm.module5.MailRuTest"/>
  <testcase name="mailRuMailSendingTest" time="14.737" classname="com.epam.atm.module5.MailRuTest"/>
</testsuite> <!-- Default test -->
