<?xml version="1.0" encoding="UTF-8"?>
<!-- Generated by org.testng.reporters.JUnitXMLReporter -->
<testsuite hostname="EPBYMINW3159" name="Mail creation" tests="1" failures="1" timestamp="5 Jul 2018 18:26:32 GMT" time="18.895" errors="0">
  <testcase name="mailRuMailCreationTest" time="9.736" classname="com.epam.atm.module5.MailRuCreationMailTest">
    <failure type="java.lang.NullPointerException">
      <![CDATA[java.lang.NullPointerException
	at com.epam.atm.module5.MailRuTestBase.highlightElement(MailRuTestBase.java:37)
	at com.epam.atm.module5.MailRuCreationMailTest.mailRuMailCreationTest(MailRuCreationMailTest.java:19)
... Removed 24 stack frames]]>
    </failure>
  </testcase> <!-- mailRuMailCreationTest -->
</testsuite> <!-- Mail creation -->
